{"$message_type":"diagnostic","message":"cannot find derive macro `BorshSerialize` in this scope","code":null,"level":"error","spans":[{"file_name":"counter_program/src/generated/accounts/counter_state.rs","byte_start":891,"byte_end":905,"line_start":30,"line_end":30,"column_start":10,"column_end":24,"is_primary":true,"text":[{"text":"#[derive(BorshSerialize, BorshDeserialize, Clone, Debug, Eq, PartialEq)]","highlight_start":10,"highlight_end":24}],"label":null,"suggested_replacement":null,"suggestion_applicability":null,"expansion":null}],"children":[{"message":"`BorshSerialize` is imported here, but it is only a trait, without a derive macro","code":null,"level":"note","spans":[{"file_name":"counter_program/src/generated/accounts/counter_state.rs","byte_start":222,"byte_end":243,"line_start":8,"line_end":8,"column_start":5,"column_end":26,"is_primary":true,"text":[{"text":"use borsh::BorshSerialize;","highlight_start":5,"highlight_end":26}],"label":null,"suggested_replacement":null,"suggestion_applicability":null,"expansion":null}],"children":[],"rendered":null}],"rendered":"\u001b[1m\u001b[91merror\u001b[0m\u001b[1m: cannot find derive macro `BorshSerialize` in this scope\u001b[0m\n  \u001b[1m\u001b[94m--> \u001b[0mcounter_program/src/generated/accounts/counter_state.rs:30:10\n   \u001b[1m\u001b[94m|\u001b[0m\n\u001b[1m\u001b[94m30\u001b[0m \u001b[1m\u001b[94m|\u001b[0m #[derive(BorshSerialize, BorshDeserialize, Clone, Debug, Eq, PartialEq)]\n   \u001b[1m\u001b[94m|\u001b[0m          \u001b[1m\u001b[91m^^^^^^^^^^^^^^\u001b[0m\n   \u001b[1m\u001b[94m|\u001b[0m\n\u001b[1m\u001b[92mnote\u001b[0m: `BorshSerialize` is imported here, but it is only a trait, without a derive macro\n  \u001b[1m\u001b[94m--> \u001b[0mcounter_program/src/generated/accounts/counter_state.rs:8:5\n   \u001b[1m\u001b[94m|\u001b[0m\n\u001b[1m\u001b[94m 8\u001b[0m \u001b[1m\u001b[94m|\u001b[0m use borsh::BorshSerialize;\n   \u001b[1m\u001b[94m|\u001b[0m     \u001b[1m\u001b[92m^^^^^^^^^^^^^^^^^^^^^\u001b[0m\n\n"}
{"$message_type":"diagnostic","message":"cannot find derive macro `BorshDeserialize` in this scope","code":null,"level":"error","spans":[{"file_name":"counter_program/src/generated/accounts/counter_state.rs","byte_start":907,"byte_end":923,"line_start":30,"line_end":30,"column_start":26,"column_end":42,"is_primary":true,"text":[{"text":"#[derive(BorshSerialize, BorshDeserialize, Clone, Debug, Eq, PartialEq)]","highlight_start":26,"highlight_end":42}],"label":null,"suggested_replacement":null,"suggestion_applicability":null,"expansion":null}],"children":[{"message":"`BorshDeserialize` is imported here, but it is only a trait, without a derive macro","code":null,"level":"note","spans":[{"file_name":"counter_program/src/generated/accounts/counter_state.rs","byte_start":249,"byte_end":272,"line_start":9,"line_end":9,"column_start":5,"column_end":28,"is_primary":true,"text":[{"text":"use borsh::BorshDeserialize;","highlight_start":5,"highlight_end":28}],"label":null,"suggested_replacement":null,"suggestion_applicability":null,"expansion":null}],"children":[],"rendered":null}],"rendered":"\u001b[1m\u001b[91merror\u001b[0m\u001b[1m: cannot find derive macro `BorshDeserialize` in this scope\u001b[0m\n  \u001b[1m\u001b[94m--> \u001b[0mcounter_program/src/generated/accounts/counter_state.rs:30:26\n   \u001b[1m\u001b[94m|\u001b[0m\n\u001b[1m\u001b[94m30\u001b[0m \u001b[1m\u001b[94m|\u001b[0m #[derive(BorshSerialize, BorshDeserialize, Clone, Debug, Eq, PartialEq)]\n   \u001b[1m\u001b[94m|\u001b[0m                          \u001b[1m\u001b[91m^^^^^^^^^^^^^^^^\u001b[0m\n   \u001b[1m\u001b[94m|\u001b[0m\n\u001b[1m\u001b[92mnote\u001b[0m: `BorshDeserialize` is imported here, but it is only a trait, without a derive macro\n  \u001b[1m\u001b[94m--> \u001b[0mcounter_program/src/generated/accounts/counter_state.rs:9:5\n   \u001b[1m\u001b[94m|\u001b[0m\n\u001b[1m\u001b[94m 9\u001b[0m \u001b[1m\u001b[94m|\u001b[0m use borsh::BorshDeserialize;\n   \u001b[1m\u001b[94m|\u001b[0m     \u001b[1m\u001b[92m^^^^^^^^^^^^^^^^^^^^^^^\u001b[0m\n\n"}
{"$message_type":"diagnostic","message":"cannot find derive macro `BorshSerialize` in this scope","code":null,"level":"error","spans":[{"file_name":"counter_program/src/generated/instructions/increment.rs","byte_start":1685,"byte_end":1699,"line_start":55,"line_end":55,"column_start":10,"column_end":24,"is_primary":true,"text":[{"text":"#[derive(BorshSerialize, BorshDeserialize, Clone, Debug, Eq, PartialEq)]","highlight_start":10,"highlight_end":24}],"label":null,"suggested_replacement":null,"suggestion_applicability":null,"expansion":null}],"children":[{"message":"`BorshSerialize` is imported here, but it is only a trait, without a derive macro","code":null,"level":"note","spans":[{"file_name":"counter_program/src/generated/instructions/increment.rs","byte_start":222,"byte_end":243,"line_start":8,"line_end":8,"column_start":5,"column_end":26,"is_primary":true,"text":[{"text":"use borsh::BorshSerialize;","highlight_start":5,"highlight_end":26}],"label":null,"suggested_replacement":null,"suggestion_applicability":null,"expansion":null}],"children":[],"rendered":null}],"rendered":"\u001b[1m\u001b[91merror\u001b[0m\u001b[1m: cannot find derive macro `BorshSerialize` in this scope\u001b[0m\n  \u001b[1m\u001b[94m--> \u001b[0mcounter_program/src/generated/instructions/increment.rs:55:10\n   \u001b[1m\u001b[94m|\u001b[0m\n\u001b[1m\u001b[94m55\u001b[0m \u001b[1m\u001b[94m|\u001b[0m #[derive(BorshSerialize, BorshDeserialize, Clone, Debug, Eq, PartialEq)]\n   \u001b[1m\u001b[94m|\u001b[0m          \u001b[1m\u001b[91m^^^^^^^^^^^^^^\u001b[0m\n   \u001b[1m\u001b[94m|\u001b[0m\n\u001b[1m\u001b[92mnote\u001b[0m: `BorshSerialize` is imported here, but it is only a trait, without a derive macro\n  \u001b[1m\u001b[94m--> \u001b[0mcounter_program/src/generated/instructions/increment.rs:8:5\n   \u001b[1m\u001b[94m|\u001b[0m\n\u001b[1m\u001b[94m 8\u001b[0m \u001b[1m\u001b[94m|\u001b[0m use borsh::BorshSerialize;\n   \u001b[1m\u001b[94m|\u001b[0m     \u001b[1m\u001b[92m^^^^^^^^^^^^^^^^^^^^^\u001b[0m\n\n"}
{"$message_type":"diagnostic","message":"cannot find derive macro `BorshDeserialize` in this scope","code":null,"level":"error","spans":[{"file_name":"counter_program/src/generated/instructions/increment.rs","byte_start":1701,"byte_end":1717,"line_start":55,"line_end":55,"column_start":26,"column_end":42,"is_primary":true,"text":[{"text":"#[derive(BorshSerialize, BorshDeserialize, Clone, Debug, Eq, PartialEq)]","highlight_start":26,"highlight_end":42}],"label":null,"suggested_replacement":null,"suggestion_applicability":null,"expansion":null}],"children":[{"message":"`BorshDeserialize` is imported here, but it is only a trait, without a derive macro","code":null,"level":"note","spans":[{"file_name":"counter_program/src/generated/instructions/increment.rs","byte_start":249,"byte_end":272,"line_start":9,"line_end":9,"column_start":5,"column_end":28,"is_primary":true,"text":[{"text":"use borsh::BorshDeserialize;","highlight_start":5,"highlight_end":28}],"label":null,"suggested_replacement":null,"suggestion_applicability":null,"expansion":null}],"children":[],"rendered":null}],"rendered":"\u001b[1m\u001b[91merror\u001b[0m\u001b[1m: cannot find derive macro `BorshDeserialize` in this scope\u001b[0m\n  \u001b[1m\u001b[94m--> \u001b[0mcounter_program/src/generated/instructions/increment.rs:55:26\n   \u001b[1m\u001b[94m|\u001b[0m\n\u001b[1m\u001b[94m55\u001b[0m \u001b[1m\u001b[94m|\u001b[0m #[derive(BorshSerialize, BorshDeserialize, Clone, Debug, Eq, PartialEq)]\n   \u001b[1m\u001b[94m|\u001b[0m                          \u001b[1m\u001b[91m^^^^^^^^^^^^^^^^\u001b[0m\n   \u001b[1m\u001b[94m|\u001b[0m\n\u001b[1m\u001b[92mnote\u001b[0m: `BorshDeserialize` is imported here, but it is only a trait, without a derive macro\n  \u001b[1m\u001b[94m--> \u001b[0mcounter_program/src/generated/instructions/increment.rs:9:5\n   \u001b[1m\u001b[94m|\u001b[0m\n\u001b[1m\u001b[94m 9\u001b[0m \u001b[1m\u001b[94m|\u001b[0m use borsh::BorshDeserialize;\n   \u001b[1m\u001b[94m|\u001b[0m     \u001b[1m\u001b[92m^^^^^^^^^^^^^^^^^^^^^^^\u001b[0m\n\n"}
{"$message_type":"diagnostic","message":"cannot find derive macro `BorshSerialize` in this scope","code":null,"level":"error","spans":[{"file_name":"counter_program/src/generated/instructions/initialize.rs","byte_start":2226,"byte_end":2240,"line_start":67,"line_end":67,"column_start":10,"column_end":24,"is_primary":true,"text":[{"text":"#[derive(BorshSerialize, BorshDeserialize, Clone, Debug, Eq, PartialEq)]","highlight_start":10,"highlight_end":24}],"label":null,"suggested_replacement":null,"suggestion_applicability":null,"expansion":null}],"children":[{"message":"`BorshSerialize` is imported here, but it is only a trait, without a derive macro","code":null,"level":"note","spans":[{"file_name":"counter_program/src/generated/instructions/initialize.rs","byte_start":222,"byte_end":243,"line_start":8,"line_end":8,"column_start":5,"column_end":26,"is_primary":true,"text":[{"text":"use borsh::BorshSerialize;","highlight_start":5,"highlight_end":26}],"label":null,"suggested_replacement":null,"suggestion_applicability":null,"expansion":null}],"children":[],"rendered":null}],"rendered":"\u001b[1m\u001b[91merror\u001b[0m\u001b[1m: cannot find derive macro `BorshSerialize` in this scope\u001b[0m\n  \u001b[1m\u001b[94m--> \u001b[0mcounter_program/src/generated/instructions/initialize.rs:67:10\n   \u001b[1m\u001b[94m|\u001b[0m\n\u001b[1m\u001b[94m67\u001b[0m \u001b[1m\u001b[94m|\u001b[0m #[derive(BorshSerialize, BorshDeserialize, Clone, Debug, Eq, PartialEq)]\n   \u001b[1m\u001b[94m|\u001b[0m          \u001b[1m\u001b[91m^^^^^^^^^^^^^^\u001b[0m\n   \u001b[1m\u001b[94m|\u001b[0m\n\u001b[1m\u001b[92mnote\u001b[0m: `BorshSerialize` is imported here, but it is only a trait, without a derive macro\n  \u001b[1m\u001b[94m--> \u001b[0mcounter_program/src/generated/instructions/initialize.rs:8:5\n   \u001b[1m\u001b[94m|\u001b[0m\n\u001b[1m\u001b[94m 8\u001b[0m \u001b[1m\u001b[94m|\u001b[0m use borsh::BorshSerialize;\n   \u001b[1m\u001b[94m|\u001b[0m     \u001b[1m\u001b[92m^^^^^^^^^^^^^^^^^^^^^\u001b[0m\n\n"}
{"$message_type":"diagnostic","message":"cannot find derive macro `BorshDeserialize` in this scope","code":null,"level":"error","spans":[{"file_name":"counter_program/src/generated/instructions/initialize.rs","byte_start":2242,"byte_end":2258,"line_start":67,"line_end":67,"column_start":26,"column_end":42,"is_primary":true,"text":[{"text":"#[derive(BorshSerialize, BorshDeserialize, Clone, Debug, Eq, PartialEq)]","highlight_start":26,"highlight_end":42}],"label":null,"suggested_replacement":null,"suggestion_applicability":null,"expansion":null}],"children":[{"message":"`BorshDeserialize` is imported here, but it is only a trait, without a derive macro","code":null,"level":"note","spans":[{"file_name":"counter_program/src/generated/instructions/initialize.rs","byte_start":249,"byte_end":272,"line_start":9,"line_end":9,"column_start":5,"column_end":28,"is_primary":true,"text":[{"text":"use borsh::BorshDeserialize;","highlight_start":5,"highlight_end":28}],"label":null,"suggested_replacement":null,"suggestion_applicability":null,"expansion":null}],"children":[],"rendered":null}],"rendered":"\u001b[1m\u001b[91merror\u001b[0m\u001b[1m: cannot find derive macro `BorshDeserialize` in this scope\u001b[0m\n  \u001b[1m\u001b[94m--> \u001b[0mcounter_program/src/generated/instructions/initialize.rs:67:26\n   \u001b[1m\u001b[94m|\u001b[0m\n\u001b[1m\u001b[94m67\u001b[0m \u001b[1m\u001b[94m|\u001b[0m #[derive(BorshSerialize, BorshDeserialize, Clone, Debug, Eq, PartialEq)]\n   \u001b[1m\u001b[94m|\u001b[0m                          \u001b[1m\u001b[91m^^^^^^^^^^^^^^^^\u001b[0m\n   \u001b[1m\u001b[94m|\u001b[0m\n\u001b[1m\u001b[92mnote\u001b[0m: `BorshDeserialize` is imported here, but it is only a trait, without a derive macro\n  \u001b[1m\u001b[94m--> \u001b[0mcounter_program/src/generated/instructions/initialize.rs:9:5\n   \u001b[1m\u001b[94m|\u001b[0m\n\u001b[1m\u001b[94m 9\u001b[0m \u001b[1m\u001b[94m|\u001b[0m use borsh::BorshDeserialize;\n   \u001b[1m\u001b[94m|\u001b[0m     \u001b[1m\u001b[92m^^^^^^^^^^^^^^^^^^^^^^^\u001b[0m\n\n"}
{"$message_type":"diagnostic","message":"cannot find derive macro `BorshSerialize` in this scope","code":null,"level":"error","spans":[{"file_name":"counter_program/src/generated/instructions/initialize.rs","byte_start":2649,"byte_end":2663,"line_start":88,"line_end":88,"column_start":10,"column_end":24,"is_primary":true,"text":[{"text":"#[derive(BorshSerialize, BorshDeserialize, Clone, Debug, Eq, PartialEq)]","highlight_start":10,"highlight_end":24}],"label":null,"suggested_replacement":null,"suggestion_applicability":null,"expansion":null}],"children":[{"message":"`BorshSerialize` is imported here, but it is only a trait, without a derive macro","code":null,"level":"note","spans":[{"file_name":"counter_program/src/generated/instructions/initialize.rs","byte_start":222,"byte_end":243,"line_start":8,"line_end":8,"column_start":5,"column_end":26,"is_primary":true,"text":[{"text":"use borsh::BorshSerialize;","highlight_start":5,"highlight_end":26}],"label":null,"suggested_replacement":null,"suggestion_applicability":null,"expansion":null}],"children":[],"rendered":null}],"rendered":"\u001b[1m\u001b[91merror\u001b[0m\u001b[1m: cannot find derive macro `BorshSerialize` in this scope\u001b[0m\n  \u001b[1m\u001b[94m--> \u001b[0mcounter_program/src/generated/instructions/initialize.rs:88:10\n   \u001b[1m\u001b[94m|\u001b[0m\n\u001b[1m\u001b[94m88\u001b[0m \u001b[1m\u001b[94m|\u001b[0m #[derive(BorshSerialize, BorshDeserialize, Clone, Debug, Eq, PartialEq)]\n   \u001b[1m\u001b[94m|\u001b[0m          \u001b[1m\u001b[91m^^^^^^^^^^^^^^\u001b[0m\n   \u001b[1m\u001b[94m|\u001b[0m\n\u001b[1m\u001b[92mnote\u001b[0m: `BorshSerialize` is imported here, but it is only a trait, without a derive macro\n  \u001b[1m\u001b[94m--> \u001b[0mcounter_program/src/generated/instructions/initialize.rs:8:5\n   \u001b[1m\u001b[94m|\u001b[0m\n\u001b[1m\u001b[94m 8\u001b[0m \u001b[1m\u001b[94m|\u001b[0m use borsh::BorshSerialize;\n   \u001b[1m\u001b[94m|\u001b[0m     \u001b[1m\u001b[92m^^^^^^^^^^^^^^^^^^^^^\u001b[0m\n\n"}
{"$message_type":"diagnostic","message":"cannot find derive macro `BorshDeserialize` in this scope","code":null,"level":"error","spans":[{"file_name":"counter_program/src/generated/instructions/initialize.rs","byte_start":2665,"byte_end":2681,"line_start":88,"line_end":88,"column_start":26,"column_end":42,"is_primary":true,"text":[{"text":"#[derive(BorshSerialize, BorshDeserialize, Clone, Debug, Eq, PartialEq)]","highlight_start":26,"highlight_end":42}],"label":null,"suggested_replacement":null,"suggestion_applicability":null,"expansion":null}],"children":[{"message":"`BorshDeserialize` is imported here, but it is only a trait, without a derive macro","code":null,"level":"note","spans":[{"file_name":"counter_program/src/generated/instructions/initialize.rs","byte_start":249,"byte_end":272,"line_start":9,"line_end":9,"column_start":5,"column_end":28,"is_primary":true,"text":[{"text":"use borsh::BorshDeserialize;","highlight_start":5,"highlight_end":28}],"label":null,"suggested_replacement":null,"suggestion_applicability":null,"expansion":null}],"children":[],"rendered":null}],"rendered":"\u001b[1m\u001b[91merror\u001b[0m\u001b[1m: cannot find derive macro `BorshDeserialize` in this scope\u001b[0m\n  \u001b[1m\u001b[94m--> \u001b[0mcounter_program/src/generated/instructions/initialize.rs:88:26\n   \u001b[1m\u001b[94m|\u001b[0m\n\u001b[1m\u001b[94m88\u001b[0m \u001b[1m\u001b[94m|\u001b[0m #[derive(BorshSerialize, BorshDeserialize, Clone, Debug, Eq, PartialEq)]\n   \u001b[1m\u001b[94m|\u001b[0m                          \u001b[1m\u001b[91m^^^^^^^^^^^^^^^^\u001b[0m\n   \u001b[1m\u001b[94m|\u001b[0m\n\u001b[1m\u001b[92mnote\u001b[0m: `BorshDeserialize` is imported here, but it is only a trait, without a derive macro\n  \u001b[1m\u001b[94m--> \u001b[0mcounter_program/src/generated/instructions/initialize.rs:9:5\n   \u001b[1m\u001b[94m|\u001b[0m\n\u001b[1m\u001b[94m 9\u001b[0m \u001b[1m\u001b[94m|\u001b[0m use borsh::BorshDeserialize;\n   \u001b[1m\u001b[94m|\u001b[0m     \u001b[1m\u001b[92m^^^^^^^^^^^^^^^^^^^^^^^\u001b[0m\n\n"}
{"$message_type":"diagnostic","message":"unexpected `cfg` condition value: `fetch`","code":{"code":"unexpected_cfgs","explanation":null},"level":"warning","spans":[{"file_name":"counter_program/src/generated/accounts/counter_state.rs","byte_start":1755,"byte_end":1772,"line_start":62,"line_end":62,"column_start":7,"column_end":24,"is_primary":true,"text":[{"text":"#[cfg(feature = \"fetch\")]","highlight_start":7,"highlight_end":24}],"label":null,"suggested_replacement":null,"suggestion_applicability":null,"expansion":null}],"children":[{"message":"no expected values for `feature`","code":null,"level":"note","spans":[],"children":[],"rendered":null},{"message":"consider adding `fetch` as a feature in `Cargo.toml`","code":null,"level":"help","spans":[],"children":[],"rendered":null},{"message":"see <https://doc.rust-lang.org/nightly/rustc/check-cfg/cargo-specifics.html> for more information about checking conditional configuration","code":null,"level":"note","spans":[],"children":[],"rendered":null},{"message":"`#[warn(unexpected_cfgs)]` on by default","code":null,"level":"note","spans":[],"children":[],"rendered":null},{"message":"remove the condition","code":null,"level":"help","spans":[{"file_name":"counter_program/src/generated/accounts/counter_state.rs","byte_start":1755,"byte_end":1772,"line_start":62,"line_end":62,"column_start":7,"column_end":24,"is_primary":true,"text":[{"text":"#[cfg(feature = \"fetch\")]","highlight_start":7,"highlight_end":24}],"label":null,"suggested_replacement":"","suggestion_applicability":"MaybeIncorrect","expansion":null}],"children":[],"rendered":null}],"rendered":"\u001b[1m\u001b[33mwarning\u001b[0m\u001b[1m: unexpected `cfg` condition value: `fetch`\u001b[0m\n  \u001b[1m\u001b[94m--> \u001b[0mcounter_program/src/generated/accounts/counter_state.rs:62:7\n   \u001b[1m\u001b[94m|\u001b[0m\n\u001b[1m\u001b[94m62\u001b[0m \u001b[1m\u001b[94m|\u001b[0m #[cfg(feature = \"fetch\")]\n   \u001b[1m\u001b[94m|\u001b[0m       \u001b[1m\u001b[33m^^^^^^^^^^^^^^^^^\u001b[0m \u001b[1m\u001b[33mhelp: remove the condition\u001b[0m\n   \u001b[1m\u001b[94m|\u001b[0m\n   \u001b[1m\u001b[94m= \u001b[0m\u001b[1mnote\u001b[0m: no expected values for `feature`\n   \u001b[1m\u001b[94m= \u001b[0m\u001b[1mhelp\u001b[0m: consider adding `fetch` as a feature in `Cargo.toml`\n   \u001b[1m\u001b[94m= \u001b[0m\u001b[1mnote\u001b[0m: see <https://doc.rust-lang.org/nightly/rustc/check-cfg/cargo-specifics.html> for more information about checking conditional configuration\n   \u001b[1m\u001b[94m= \u001b[0m\u001b[1mnote\u001b[0m: `#[warn(unexpected_cfgs)]` on by default\n\n"}
{"$message_type":"diagnostic","message":"unexpected `cfg` condition value: `fetch`","code":{"code":"unexpected_cfgs","explanation":null},"level":"warning","spans":[{"file_name":"counter_program/src/generated/accounts/counter_state.rs","byte_start":2055,"byte_end":2072,"line_start":71,"line_end":71,"column_start":7,"column_end":24,"is_primary":true,"text":[{"text":"#[cfg(feature = \"fetch\")]","highlight_start":7,"highlight_end":24}],"label":null,"suggested_replacement":null,"suggestion_applicability":null,"expansion":null}],"children":[{"message":"no expected values for `feature`","code":null,"level":"note","spans":[],"children":[],"rendered":null},{"message":"consider adding `fetch` as a feature in `Cargo.toml`","code":null,"level":"help","spans":[],"children":[],"rendered":null},{"message":"see <https://doc.rust-lang.org/nightly/rustc/check-cfg/cargo-specifics.html> for more information about checking conditional configuration","code":null,"level":"note","spans":[],"children":[],"rendered":null},{"message":"remove the condition","code":null,"level":"help","spans":[{"file_name":"counter_program/src/generated/accounts/counter_state.rs","byte_start":2055,"byte_end":2072,"line_start":71,"line_end":71,"column_start":7,"column_end":24,"is_primary":true,"text":[{"text":"#[cfg(feature = \"fetch\")]","highlight_start":7,"highlight_end":24}],"label":null,"suggested_replacement":"","suggestion_applicability":"MaybeIncorrect","expansion":null}],"children":[],"rendered":null}],"rendered":"\u001b[1m\u001b[33mwarning\u001b[0m\u001b[1m: unexpected `cfg` condition value: `fetch`\u001b[0m\n  \u001b[1m\u001b[94m--> \u001b[0mcounter_program/src/generated/accounts/counter_state.rs:71:7\n   \u001b[1m\u001b[94m|\u001b[0m\n\u001b[1m\u001b[94m71\u001b[0m \u001b[1m\u001b[94m|\u001b[0m #[cfg(feature = \"fetch\")]\n   \u001b[1m\u001b[94m|\u001b[0m       \u001b[1m\u001b[33m^^^^^^^^^^^^^^^^^\u001b[0m \u001b[1m\u001b[33mhelp: remove the condition\u001b[0m\n   \u001b[1m\u001b[94m|\u001b[0m\n   \u001b[1m\u001b[94m= \u001b[0m\u001b[1mnote\u001b[0m: no expected values for `feature`\n   \u001b[1m\u001b[94m= \u001b[0m\u001b[1mhelp\u001b[0m: consider adding `fetch` as a feature in `Cargo.toml`\n   \u001b[1m\u001b[94m= \u001b[0m\u001b[1mnote\u001b[0m: see <https://doc.rust-lang.org/nightly/rustc/check-cfg/cargo-specifics.html> for more information about checking conditional configuration\n\n"}
{"$message_type":"diagnostic","message":"unexpected `cfg` condition value: `fetch`","code":{"code":"unexpected_cfgs","explanation":null},"level":"warning","spans":[{"file_name":"counter_program/src/generated/accounts/counter_state.rs","byte_start":2925,"byte_end":2942,"line_start":89,"line_end":89,"column_start":7,"column_end":24,"is_primary":true,"text":[{"text":"#[cfg(feature = \"fetch\")]","highlight_start":7,"highlight_end":24}],"label":null,"suggested_replacement":null,"suggestion_applicability":null,"expansion":null}],"children":[{"message":"no expected values for `feature`","code":null,"level":"note","spans":[],"children":[],"rendered":null},{"message":"consider adding `fetch` as a feature in `Cargo.toml`","code":null,"level":"help","spans":[],"children":[],"rendered":null},{"message":"see <https://doc.rust-lang.org/nightly/rustc/check-cfg/cargo-specifics.html> for more information about checking conditional configuration","code":null,"level":"note","spans":[],"children":[],"rendered":null},{"message":"remove the condition","code":null,"level":"help","spans":[{"file_name":"counter_program/src/generated/accounts/counter_state.rs","byte_start":2925,"byte_end":2942,"line_start":89,"line_end":89,"column_start":7,"column_end":24,"is_primary":true,"text":[{"text":"#[cfg(feature = \"fetch\")]","highlight_start":7,"highlight_end":24}],"label":null,"suggested_replacement":"","suggestion_applicability":"MaybeIncorrect","expansion":null}],"children":[],"rendered":null}],"rendered":"\u001b[1m\u001b[33mwarning\u001b[0m\u001b[1m: unexpected `cfg` condition value: `fetch`\u001b[0m\n  \u001b[1m\u001b[94m--> \u001b[0mcounter_program/src/generated/accounts/counter_state.rs:89:7\n   \u001b[1m\u001b[94m|\u001b[0m\n\u001b[1m\u001b[94m89\u001b[0m \u001b[1m\u001b[94m|\u001b[0m #[cfg(feature = \"fetch\")]\n   \u001b[1m\u001b[94m|\u001b[0m       \u001b[1m\u001b[33m^^^^^^^^^^^^^^^^^\u001b[0m \u001b[1m\u001b[33mhelp: remove the condition\u001b[0m\n   \u001b[1m\u001b[94m|\u001b[0m\n   \u001b[1m\u001b[94m= \u001b[0m\u001b[1mnote\u001b[0m: no expected values for `feature`\n   \u001b[1m\u001b[94m= \u001b[0m\u001b[1mhelp\u001b[0m: consider adding `fetch` as a feature in `Cargo.toml`\n   \u001b[1m\u001b[94m= \u001b[0m\u001b[1mnote\u001b[0m: see <https://doc.rust-lang.org/nightly/rustc/check-cfg/cargo-specifics.html> for more information about checking conditional configuration\n\n"}
{"$message_type":"diagnostic","message":"unexpected `cfg` condition value: `fetch`","code":{"code":"unexpected_cfgs","explanation":null},"level":"warning","spans":[{"file_name":"counter_program/src/generated/accounts/counter_state.rs","byte_start":3239,"byte_end":3256,"line_start":98,"line_end":98,"column_start":7,"column_end":24,"is_primary":true,"text":[{"text":"#[cfg(feature = \"fetch\")]","highlight_start":7,"highlight_end":24}],"label":null,"suggested_replacement":null,"suggestion_applicability":null,"expansion":null}],"children":[{"message":"no expected values for `feature`","code":null,"level":"note","spans":[],"children":[],"rendered":null},{"message":"consider adding `fetch` as a feature in `Cargo.toml`","code":null,"level":"help","spans":[],"children":[],"rendered":null},{"message":"see <https://doc.rust-lang.org/nightly/rustc/check-cfg/cargo-specifics.html> for more information about checking conditional configuration","code":null,"level":"note","spans":[],"children":[],"rendered":null},{"message":"remove the condition","code":null,"level":"help","spans":[{"file_name":"counter_program/src/generated/accounts/counter_state.rs","byte_start":3239,"byte_end":3256,"line_start":98,"line_end":98,"column_start":7,"column_end":24,"is_primary":true,"text":[{"text":"#[cfg(feature = \"fetch\")]","highlight_start":7,"highlight_end":24}],"label":null,"suggested_replacement":"","suggestion_applicability":"MaybeIncorrect","expansion":null}],"children":[],"rendered":null}],"rendered":"\u001b[1m\u001b[33mwarning\u001b[0m\u001b[1m: unexpected `cfg` condition value: `fetch`\u001b[0m\n  \u001b[1m\u001b[94m--> \u001b[0mcounter_program/src/generated/accounts/counter_state.rs:98:7\n   \u001b[1m\u001b[94m|\u001b[0m\n\u001b[1m\u001b[94m98\u001b[0m \u001b[1m\u001b[94m|\u001b[0m #[cfg(feature = \"fetch\")]\n   \u001b[1m\u001b[94m|\u001b[0m       \u001b[1m\u001b[33m^^^^^^^^^^^^^^^^^\u001b[0m \u001b[1m\u001b[33mhelp: remove the condition\u001b[0m\n   \u001b[1m\u001b[94m|\u001b[0m\n   \u001b[1m\u001b[94m= \u001b[0m\u001b[1mnote\u001b[0m: no expected values for `feature`\n   \u001b[1m\u001b[94m= \u001b[0m\u001b[1mhelp\u001b[0m: consider adding `fetch` as a feature in `Cargo.toml`\n   \u001b[1m\u001b[94m= \u001b[0m\u001b[1mnote\u001b[0m: see <https://doc.rust-lang.org/nightly/rustc/check-cfg/cargo-specifics.html> for more information about checking conditional configuration\n\n"}
{"$message_type":"diagnostic","message":"unexpected `cfg` condition value: `fetch`","code":{"code":"unexpected_cfgs","explanation":null},"level":"warning","spans":[{"file_name":"counter_program/src/generated/shared.rs","byte_start":231,"byte_end":248,"line_start":11,"line_end":11,"column_start":11,"column_end":28,"is_primary":true,"text":[{"text":"    #[cfg(feature = \"fetch\")]","highlight_start":11,"highlight_end":28}],"label":null,"suggested_replacement":null,"suggestion_applicability":null,"expansion":null}],"children":[{"message":"no expected values for `feature`","code":null,"level":"note","spans":[],"children":[],"rendered":null},{"message":"consider adding `fetch` as a feature in `Cargo.toml`","code":null,"level":"help","spans":[],"children":[],"rendered":null},{"message":"see <https://doc.rust-lang.org/nightly/rustc/check-cfg/cargo-specifics.html> for more information about checking conditional configuration","code":null,"level":"note","spans":[],"children":[],"rendered":null},{"message":"remove the condition","code":null,"level":"help","spans":[{"file_name":"counter_program/src/generated/shared.rs","byte_start":231,"byte_end":248,"line_start":11,"line_end":11,"column_start":11,"column_end":28,"is_primary":true,"text":[{"text":"    #[cfg(feature = \"fetch\")]","highlight_start":11,"highlight_end":28}],"label":null,"suggested_replacement":"","suggestion_applicability":"MaybeIncorrect","expansion":null}],"children":[],"rendered":null}],"rendered":"\u001b[1m\u001b[33mwarning\u001b[0m\u001b[1m: unexpected `cfg` condition value: `fetch`\u001b[0m\n  \u001b[1m\u001b[94m--> \u001b[0mcounter_program/src/generated/shared.rs:11:11\n   \u001b[1m\u001b[94m|\u001b[0m\n\u001b[1m\u001b[94m11\u001b[0m \u001b[1m\u001b[94m|\u001b[0m     #[cfg(feature = \"fetch\")]\n   \u001b[1m\u001b[94m|\u001b[0m           \u001b[1m\u001b[33m^^^^^^^^^^^^^^^^^\u001b[0m \u001b[1m\u001b[33mhelp: remove the condition\u001b[0m\n   \u001b[1m\u001b[94m|\u001b[0m\n   \u001b[1m\u001b[94m= \u001b[0m\u001b[1mnote\u001b[0m: no expected values for `feature`\n   \u001b[1m\u001b[94m= \u001b[0m\u001b[1mhelp\u001b[0m: consider adding `fetch` as a feature in `Cargo.toml`\n   \u001b[1m\u001b[94m= \u001b[0m\u001b[1mnote\u001b[0m: see <https://doc.rust-lang.org/nightly/rustc/check-cfg/cargo-specifics.html> for more information about checking conditional configuration\n\n"}
{"$message_type":"diagnostic","message":"unexpected `cfg` condition value: `fetch`","code":{"code":"unexpected_cfgs","explanation":null},"level":"warning","spans":[{"file_name":"counter_program/src/generated/shared.rs","byte_start":442,"byte_end":459,"line_start":19,"line_end":19,"column_start":11,"column_end":28,"is_primary":true,"text":[{"text":"    #[cfg(feature = \"fetch\")]","highlight_start":11,"highlight_end":28}],"label":null,"suggested_replacement":null,"suggestion_applicability":null,"expansion":null}],"children":[{"message":"no expected values for `feature`","code":null,"level":"note","spans":[],"children":[],"rendered":null},{"message":"consider adding `fetch` as a feature in `Cargo.toml`","code":null,"level":"help","spans":[],"children":[],"rendered":null},{"message":"see <https://doc.rust-lang.org/nightly/rustc/check-cfg/cargo-specifics.html> for more information about checking conditional configuration","code":null,"level":"note","spans":[],"children":[],"rendered":null},{"message":"remove the condition","code":null,"level":"help","spans":[{"file_name":"counter_program/src/generated/shared.rs","byte_start":442,"byte_end":459,"line_start":19,"line_end":19,"column_start":11,"column_end":28,"is_primary":true,"text":[{"text":"    #[cfg(feature = \"fetch\")]","highlight_start":11,"highlight_end":28}],"label":null,"suggested_replacement":"","suggestion_applicability":"MaybeIncorrect","expansion":null}],"children":[],"rendered":null}],"rendered":"\u001b[1m\u001b[33mwarning\u001b[0m\u001b[1m: unexpected `cfg` condition value: `fetch`\u001b[0m\n  \u001b[1m\u001b[94m--> \u001b[0mcounter_program/src/generated/shared.rs:19:11\n   \u001b[1m\u001b[94m|\u001b[0m\n\u001b[1m\u001b[94m19\u001b[0m \u001b[1m\u001b[94m|\u001b[0m     #[cfg(feature = \"fetch\")]\n   \u001b[1m\u001b[94m|\u001b[0m           \u001b[1m\u001b[33m^^^^^^^^^^^^^^^^^\u001b[0m \u001b[1m\u001b[33mhelp: remove the condition\u001b[0m\n   \u001b[1m\u001b[94m|\u001b[0m\n   \u001b[1m\u001b[94m= \u001b[0m\u001b[1mnote\u001b[0m: no expected values for `feature`\n   \u001b[1m\u001b[94m= \u001b[0m\u001b[1mhelp\u001b[0m: consider adding `fetch` as a feature in `Cargo.toml`\n   \u001b[1m\u001b[94m= \u001b[0m\u001b[1mnote\u001b[0m: see <https://doc.rust-lang.org/nightly/rustc/check-cfg/cargo-specifics.html> for more information about checking conditional configuration\n\n"}
{"$message_type":"diagnostic","message":"no function or associated item named `deserialize` found for struct `CounterState` in the current scope","code":{"code":"E0599","explanation":"This error occurs when a method is used on a type which doesn't implement it:\n\nErroneous code example:\n\n```compile_fail,E0599\nstruct Mouth;\n\nlet x = Mouth;\nx.chocolate(); // error: no method named `chocolate` found for type `Mouth`\n               //        in the current scope\n```\n\nIn this case, you need to implement the `chocolate` method to fix the error:\n\n```\nstruct Mouth;\n\nimpl Mouth {\n    fn chocolate(&self) { // We implement the `chocolate` method here.\n        println!(\"Hmmm! I love chocolate!\");\n    }\n}\n\nlet x = Mouth;\nx.chocolate(); // ok!\n```\n"},"level":"error","spans":[{"file_name":"counter_program/src/generated/accounts/counter_state.rs","byte_start":1412,"byte_end":1423,"line_start":49,"line_end":49,"column_start":11,"column_end":22,"is_primary":true,"text":[{"text":"    Self::deserialize(&mut data)","highlight_start":11,"highlight_end":22}],"label":"function or associated item not found in `CounterState`","suggested_replacement":null,"suggestion_applicability":null,"expansion":null},{"file_name":"counter_program/src/generated/accounts/counter_state.rs","byte_start":955,"byte_end":978,"line_start":31,"line_end":31,"column_start":1,"column_end":24,"is_primary":false,"text":[{"text":"pub struct CounterState {","highlight_start":1,"highlight_end":24}],"label":"function or associated item `deserialize` not found for this struct","suggested_replacement":null,"suggestion_applicability":null,"expansion":null}],"children":[{"message":"if you're trying to build a new `CounterState`, consider using `CounterState::from_bytes` which returns `Result<CounterState, std::io::Error>`","code":null,"level":"note","spans":[{"file_name":"counter_program/src/generated/accounts/counter_state.rs","byte_start":1312,"byte_end":1374,"line_start":47,"line_end":47,"column_start":3,"column_end":65,"is_primary":true,"text":[{"text":"  pub fn from_bytes(data: &[u8]) -> Result<Self, std::io::Error> {","highlight_start":3,"highlight_end":65}],"label":null,"suggested_replacement":null,"suggestion_applicability":null,"expansion":null}],"children":[],"rendered":null},{"message":"items from traits can only be used if the trait is implemented and in scope","code":null,"level":"help","spans":[],"children":[],"rendered":null},{"message":"the following trait defines an item `deserialize`, perhaps you need to implement it:\ncandidate #1: `BorshDeserialize`","code":null,"level":"note","spans":[],"children":[],"rendered":null}],"rendered":"\u001b[1m\u001b[91merror[E0599]\u001b[0m\u001b[1m: no function or associated item named `deserialize` found for struct `CounterState` in the current scope\u001b[0m\n  \u001b[1m\u001b[94m--> \u001b[0mcounter_program/src/generated/accounts/counter_state.rs:49:11\n   \u001b[1m\u001b[94m|\u001b[0m\n\u001b[1m\u001b[94m31\u001b[0m \u001b[1m\u001b[94m|\u001b[0m pub struct CounterState {\n   \u001b[1m\u001b[94m|\u001b[0m \u001b[1m\u001b[94m-----------------------\u001b[0m \u001b[1m\u001b[94mfunction or associated item `deserialize` not found for this struct\u001b[0m\n\u001b[1m\u001b[94m...\u001b[0m\n\u001b[1m\u001b[94m49\u001b[0m \u001b[1m\u001b[94m|\u001b[0m     Self::deserialize(&mut data)\n   \u001b[1m\u001b[94m|\u001b[0m           \u001b[1m\u001b[91m^^^^^^^^^^^\u001b[0m \u001b[1m\u001b[91mfunction or associated item not found in `CounterState`\u001b[0m\n   \u001b[1m\u001b[94m|\u001b[0m\n\u001b[1m\u001b[92mnote\u001b[0m: if you're trying to build a new `CounterState`, consider using `CounterState::from_bytes` which returns `Result<CounterState, std::io::Error>`\n  \u001b[1m\u001b[94m--> \u001b[0mcounter_program/src/generated/accounts/counter_state.rs:47:3\n   \u001b[1m\u001b[94m|\u001b[0m\n\u001b[1m\u001b[94m47\u001b[0m \u001b[1m\u001b[94m|\u001b[0m   pub fn from_bytes(data: &[u8]) -> Result<Self, std::io::Error> {\n   \u001b[1m\u001b[94m|\u001b[0m   \u001b[1m\u001b[92m^^^^^^^^^^^^^^^^^^^^^^^^^^^^^^^^^^^^^^^^^^^^^^^^^^^^^^^^^^^^^^\u001b[0m\n   \u001b[1m\u001b[94m= \u001b[0m\u001b[1mhelp\u001b[0m: items from traits can only be used if the trait is implemented and in scope\n   \u001b[1m\u001b[94m= \u001b[0m\u001b[1mnote\u001b[0m: the following trait defines an item `deserialize`, perhaps you need to implement it:\n           candidate #1: `BorshDeserialize`\n\n"}
{"$message_type":"diagnostic","message":"no function or associated item named `deserialize` found for struct `CounterState` in the current scope","code":{"code":"E0599","explanation":"This error occurs when a method is used on a type which doesn't implement it:\n\nErroneous code example:\n\n```compile_fail,E0599\nstruct Mouth;\n\nlet x = Mouth;\nx.chocolate(); // error: no method named `chocolate` found for type `Mouth`\n               //        in the current scope\n```\n\nIn this case, you need to implement the `chocolate` method to fix the error:\n\n```\nstruct Mouth;\n\nimpl Mouth {\n    fn chocolate(&self) { // We implement the `chocolate` method here.\n        println!(\"Hmmm! I love chocolate!\");\n    }\n}\n\nlet x = Mouth;\nx.chocolate(); // ok!\n```\n"},"level":"error","spans":[{"file_name":"counter_program/src/generated/accounts/counter_state.rs","byte_start":1719,"byte_end":1730,"line_start":58,"line_end":58,"column_start":13,"column_end":24,"is_primary":true,"text":[{"text":"      Self::deserialize(&mut data)","highlight_start":13,"highlight_end":24}],"label":"function or associated item not found in `CounterState`","suggested_replacement":null,"suggestion_applicability":null,"expansion":null},{"file_name":"counter_program/src/generated/accounts/counter_state.rs","byte_start":955,"byte_end":978,"line_start":31,"line_end":31,"column_start":1,"column_end":24,"is_primary":false,"text":[{"text":"pub struct CounterState {","highlight_start":1,"highlight_end":24}],"label":"function or associated item `deserialize` not found for this struct","suggested_replacement":null,"suggestion_applicability":null,"expansion":null}],"children":[{"message":"if you're trying to build a new `CounterState`, consider using `CounterState::from_bytes` which returns `Result<CounterState, std::io::Error>`","code":null,"level":"note","spans":[{"file_name":"counter_program/src/generated/accounts/counter_state.rs","byte_start":1312,"byte_end":1374,"line_start":47,"line_end":47,"column_start":3,"column_end":65,"is_primary":true,"text":[{"text":"  pub fn from_bytes(data: &[u8]) -> Result<Self, std::io::Error> {","highlight_start":3,"highlight_end":65}],"label":null,"suggested_replacement":null,"suggestion_applicability":null,"expansion":null}],"children":[],"rendered":null},{"message":"items from traits can only be used if the trait is implemented and in scope","code":null,"level":"help","spans":[],"children":[],"rendered":null},{"message":"the following trait defines an item `deserialize`, perhaps you need to implement it:\ncandidate #1: `BorshDeserialize`","code":null,"level":"note","spans":[],"children":[],"rendered":null}],"rendered":"\u001b[1m\u001b[91merror[E0599]\u001b[0m\u001b[1m: no function or associated item named `deserialize` found for struct `CounterState` in the current scope\u001b[0m\n  \u001b[1m\u001b[94m--> \u001b[0mcounter_program/src/generated/accounts/counter_state.rs:58:13\n   \u001b[1m\u001b[94m|\u001b[0m\n\u001b[1m\u001b[94m31\u001b[0m \u001b[1m\u001b[94m|\u001b[0m pub struct CounterState {\n   \u001b[1m\u001b[94m|\u001b[0m \u001b[1m\u001b[94m-----------------------\u001b[0m \u001b[1m\u001b[94mfunction or associated item `deserialize` not found for this struct\u001b[0m\n\u001b[1m\u001b[94m...\u001b[0m\n\u001b[1m\u001b[94m58\u001b[0m \u001b[1m\u001b[94m|\u001b[0m       Self::deserialize(&mut data)\n   \u001b[1m\u001b[94m|\u001b[0m             \u001b[1m\u001b[91m^^^^^^^^^^^\u001b[0m \u001b[1m\u001b[91mfunction or associated item not found in `CounterState`\u001b[0m\n   \u001b[1m\u001b[94m|\u001b[0m\n\u001b[1m\u001b[92mnote\u001b[0m: if you're trying to build a new `CounterState`, consider using `CounterState::from_bytes` which returns `Result<CounterState, std::io::Error>`\n  \u001b[1m\u001b[94m--> \u001b[0mcounter_program/src/generated/accounts/counter_state.rs:47:3\n   \u001b[1m\u001b[94m|\u001b[0m\n\u001b[1m\u001b[94m47\u001b[0m \u001b[1m\u001b[94m|\u001b[0m   pub fn from_bytes(data: &[u8]) -> Result<Self, std::io::Error> {\n   \u001b[1m\u001b[94m|\u001b[0m   \u001b[1m\u001b[92m^^^^^^^^^^^^^^^^^^^^^^^^^^^^^^^^^^^^^^^^^^^^^^^^^^^^^^^^^^^^^^\u001b[0m\n   \u001b[1m\u001b[94m= \u001b[0m\u001b[1mhelp\u001b[0m: items from traits can only be used if the trait is implemented and in scope\n   \u001b[1m\u001b[94m= \u001b[0m\u001b[1mnote\u001b[0m: the following trait defines an item `deserialize`, perhaps you need to implement it:\n           candidate #1: `BorshDeserialize`\n\n"}
{"$message_type":"diagnostic","message":"the trait bound `IncrementInstructionData: BorshSerialize` is not satisfied","code":{"code":"E0277","explanation":"You tried to use a type which doesn't implement some trait in a place which\nexpected that trait.\n\nErroneous code example:\n\n```compile_fail,E0277\n// here we declare the Foo trait with a bar method\ntrait Foo {\n    fn bar(&self);\n}\n\n// we now declare a function which takes an object implementing the Foo trait\nfn some_func<T: Foo>(foo: T) {\n    foo.bar();\n}\n\nfn main() {\n    // we now call the method with the i32 type, which doesn't implement\n    // the Foo trait\n    some_func(5i32); // error: the trait bound `i32 : Foo` is not satisfied\n}\n```\n\nIn order to fix this error, verify that the type you're using does implement\nthe trait. Example:\n\n```\ntrait Foo {\n    fn bar(&self);\n}\n\n// we implement the trait on the i32 type\nimpl Foo for i32 {\n    fn bar(&self) {}\n}\n\nfn some_func<T: Foo>(foo: T) {\n    foo.bar(); // we can now use this method since i32 implements the\n               // Foo trait\n}\n\nfn main() {\n    some_func(5i32); // ok!\n}\n```\n\nOr in a generic context, an erroneous code example would look like:\n\n```compile_fail,E0277\nfn some_func<T>(foo: T) {\n    println!(\"{:?}\", foo); // error: the trait `core::fmt::Debug` is not\n                           //        implemented for the type `T`\n}\n\nfn main() {\n    // We now call the method with the i32 type,\n    // which *does* implement the Debug trait.\n    some_func(5i32);\n}\n```\n\nNote that the error here is in the definition of the generic function. Although\nwe only call it with a parameter that does implement `Debug`, the compiler\nstill rejects the function. It must work with all possible input types. In\norder to make this example compile, we need to restrict the generic type we're\naccepting:\n\n```\nuse std::fmt;\n\n// Restrict the input type to types that implement Debug.\nfn some_func<T: fmt::Debug>(foo: T) {\n    println!(\"{:?}\", foo);\n}\n\nfn main() {\n    // Calling the method is still fine, as i32 implements Debug.\n    some_func(5i32);\n\n    // This would fail to compile now:\n    // struct WithoutDebug;\n    // some_func(WithoutDebug);\n}\n```\n\nRust only looks at the signature of the called function, as such it must\nalready specify all requirements that will be used for every type parameter.\n"},"level":"error","spans":[{"file_name":"counter_program/src/generated/instructions/increment.rs","byte_start":1969,"byte_end":1973,"line_start":66,"line_end":66,"column_start":19,"column_end":23,"is_primary":true,"text":[{"text":"    borsh::to_vec(self)","highlight_start":19,"highlight_end":23}],"label":"unsatisfied trait bound","suggested_replacement":null,"suggestion_applicability":null,"expansion":null},{"file_name":"counter_program/src/generated/instructions/increment.rs","byte_start":1955,"byte_end":1968,"line_start":66,"line_end":66,"column_start":5,"column_end":18,"is_primary":false,"text":[{"text":"    borsh::to_vec(self)","highlight_start":5,"highlight_end":18}],"label":"required by a bound introduced by this call","suggested_replacement":null,"suggestion_applicability":null,"expansion":null}],"children":[{"message":"the trait `BorshSerialize` is not implemented for `IncrementInstructionData`","code":null,"level":"help","spans":[{"file_name":"counter_program/src/generated/instructions/increment.rs","byte_start":1750,"byte_end":1785,"line_start":56,"line_end":56,"column_start":2,"column_end":37,"is_primary":true,"text":[{"text":" pub struct IncrementInstructionData {","highlight_start":2,"highlight_end":37}],"label":null,"suggested_replacement":null,"suggestion_applicability":null,"expansion":null}],"children":[],"rendered":null},{"message":"the following other types implement trait `BorshSerialize`:\n  &T\n  ()\n  (T0, T1)\n  (T0, T1, T2)\n  (T0, T1, T2, T3)\n  (T0, T1, T2, T3, T4)\n  (T0, T1, T2, T3, T4, T5)\n  (T0, T1, T2, T3, T4, T5, T6)\nand 70 others","code":null,"level":"help","spans":[],"children":[],"rendered":null},{"message":"required by a bound in `to_vec`","code":null,"level":"note","spans":[{"file_name":"/Users/ifiokjr/.cargo/registry/src/index.crates.io-1949cf8c6b5b557f/borsh-1.6.0/src/ser/helpers.rs","byte_start":342,"byte_end":348,"line_start":13,"line_end":13,"column_start":8,"column_end":14,"is_primary":false,"text":[{"text":"pub fn to_vec<T>(value: &T) -> Result<Vec<u8>>","highlight_start":8,"highlight_end":14}],"label":"required by a bound in this function","suggested_replacement":null,"suggestion_applicability":null,"expansion":null},{"file_name":"/Users/ifiokjr/.cargo/registry/src/index.crates.io-1949cf8c6b5b557f/borsh-1.6.0/src/ser/helpers.rs","byte_start":395,"byte_end":409,"line_start":15,"line_end":15,"column_start":8,"column_end":22,"is_primary":true,"text":[{"text":"    T: BorshSerialize + ?Sized,","highlight_start":8,"highlight_end":22}],"label":"required by this bound in `to_vec`","suggested_replacement":null,"suggestion_applicability":null,"expansion":null}],"children":[],"rendered":null}],"rendered":"\u001b[1m\u001b[91merror[E0277]\u001b[0m\u001b[1m: the trait bound `IncrementInstructionData: BorshSerialize` is not satisfied\u001b[0m\n  \u001b[1m\u001b[94m--> \u001b[0mcounter_program/src/generated/instructions/increment.rs:66:19\n   \u001b[1m\u001b[94m|\u001b[0m\n\u001b[1m\u001b[94m66\u001b[0m \u001b[1m\u001b[94m|\u001b[0m     borsh::to_vec(self)\n   \u001b[1m\u001b[94m|\u001b[0m     \u001b[1m\u001b[94m-------------\u001b[0m \u001b[1m\u001b[91m^^^^\u001b[0m \u001b[1m\u001b[91munsatisfied trait bound\u001b[0m\n   \u001b[1m\u001b[94m|\u001b[0m     \u001b[1m\u001b[94m|\u001b[0m\n   \u001b[1m\u001b[94m|\u001b[0m     \u001b[1m\u001b[94mrequired by a bound introduced by this call\u001b[0m\n   \u001b[1m\u001b[94m|\u001b[0m\n\u001b[1m\u001b[96mhelp\u001b[0m: the trait `BorshSerialize` is not implemented for `IncrementInstructionData`\n  \u001b[1m\u001b[94m--> \u001b[0mcounter_program/src/generated/instructions/increment.rs:56:2\n   \u001b[1m\u001b[94m|\u001b[0m\n\u001b[1m\u001b[94m56\u001b[0m \u001b[1m\u001b[94m|\u001b[0m  pub struct IncrementInstructionData {\n   \u001b[1m\u001b[94m|\u001b[0m  \u001b[1m\u001b[96m^^^^^^^^^^^^^^^^^^^^^^^^^^^^^^^^^^^\u001b[0m\n   \u001b[1m\u001b[94m= \u001b[0m\u001b[1mhelp\u001b[0m: the following other types implement trait `BorshSerialize`:\n             &T\n             ()\n             (T0, T1)\n             (T0, T1, T2)\n             (T0, T1, T2, T3)\n             (T0, T1, T2, T3, T4)\n             (T0, T1, T2, T3, T4, T5)\n             (T0, T1, T2, T3, T4, T5, T6)\n           and 70 others\n\u001b[1m\u001b[92mnote\u001b[0m: required by a bound in `to_vec`\n  \u001b[1m\u001b[94m--> \u001b[0m/Users/ifiokjr/.cargo/registry/src/index.crates.io-1949cf8c6b5b557f/borsh-1.6.0/src/ser/helpers.rs:15:8\n   \u001b[1m\u001b[94m|\u001b[0m\n\u001b[1m\u001b[94m13\u001b[0m \u001b[1m\u001b[94m|\u001b[0m pub fn to_vec<T>(value: &T) -> Result<Vec<u8>>\n   \u001b[1m\u001b[94m|\u001b[0m        \u001b[1m\u001b[94m------\u001b[0m \u001b[1m\u001b[94mrequired by a bound in this function\u001b[0m\n\u001b[1m\u001b[94m14\u001b[0m \u001b[1m\u001b[94m|\u001b[0m where\n\u001b[1m\u001b[94m15\u001b[0m \u001b[1m\u001b[94m|\u001b[0m     T: BorshSerialize + ?Sized,\n   \u001b[1m\u001b[94m|\u001b[0m        \u001b[1m\u001b[92m^^^^^^^^^^^^^^\u001b[0m \u001b[1m\u001b[92mrequired by this bound in `to_vec`\u001b[0m\n\n"}
{"$message_type":"diagnostic","message":"the trait bound `InitializeInstructionData: BorshSerialize` is not satisfied","code":{"code":"E0277","explanation":"You tried to use a type which doesn't implement some trait in a place which\nexpected that trait.\n\nErroneous code example:\n\n```compile_fail,E0277\n// here we declare the Foo trait with a bar method\ntrait Foo {\n    fn bar(&self);\n}\n\n// we now declare a function which takes an object implementing the Foo trait\nfn some_func<T: Foo>(foo: T) {\n    foo.bar();\n}\n\nfn main() {\n    // we now call the method with the i32 type, which doesn't implement\n    // the Foo trait\n    some_func(5i32); // error: the trait bound `i32 : Foo` is not satisfied\n}\n```\n\nIn order to fix this error, verify that the type you're using does implement\nthe trait. Example:\n\n```\ntrait Foo {\n    fn bar(&self);\n}\n\n// we implement the trait on the i32 type\nimpl Foo for i32 {\n    fn bar(&self) {}\n}\n\nfn some_func<T: Foo>(foo: T) {\n    foo.bar(); // we can now use this method since i32 implements the\n               // Foo trait\n}\n\nfn main() {\n    some_func(5i32); // ok!\n}\n```\n\nOr in a generic context, an erroneous code example would look like:\n\n```compile_fail,E0277\nfn some_func<T>(foo: T) {\n    println!(\"{:?}\", foo); // error: the trait `core::fmt::Debug` is not\n                           //        implemented for the type `T`\n}\n\nfn main() {\n    // We now call the method with the i32 type,\n    // which *does* implement the Debug trait.\n    some_func(5i32);\n}\n```\n\nNote that the error here is in the definition of the generic function. Although\nwe only call it with a parameter that does implement `Debug`, the compiler\nstill rejects the function. It must work with all possible input types. In\norder to make this example compile, we need to restrict the generic type we're\naccepting:\n\n```\nuse std::fmt;\n\n// Restrict the input type to types that implement Debug.\nfn some_func<T: fmt::Debug>(foo: T) {\n    println!(\"{:?}\", foo);\n}\n\nfn main() {\n    // Calling the method is still fine, as i32 implements Debug.\n    some_func(5i32);\n\n    // This would fail to compile now:\n    // struct WithoutDebug;\n    // some_func(WithoutDebug);\n}\n```\n\nRust only looks at the signature of the called function, as such it must\nalready specify all requirements that will be used for every type parameter.\n"},"level":"error","spans":[{"file_name":"counter_program/src/generated/instructions/initialize.rs","byte_start":2532,"byte_end":2536,"line_start":78,"line_end":78,"column_start":19,"column_end":23,"is_primary":true,"text":[{"text":"    borsh::to_vec(self)","highlight_start":19,"highlight_end":23}],"label":"unsatisfied trait bound","suggested_replacement":null,"suggestion_applicability":null,"expansion":null},{"file_name":"counter_program/src/generated/instructions/initialize.rs","byte_start":2518,"byte_end":2531,"line_start":78,"line_end":78,"column_start":5,"column_end":18,"is_primary":false,"text":[{"text":"    borsh::to_vec(self)","highlight_start":5,"highlight_end":18}],"label":"required by a bound introduced by this call","suggested_replacement":null,"suggestion_applicability":null,"expansion":null}],"children":[{"message":"the trait `BorshSerialize` is not implemented for `InitializeInstructionData`","code":null,"level":"help","spans":[{"file_name":"counter_program/src/generated/instructions/initialize.rs","byte_start":2291,"byte_end":2327,"line_start":68,"line_end":68,"column_start":2,"column_end":38,"is_primary":true,"text":[{"text":" pub struct InitializeInstructionData {","highlight_start":2,"highlight_end":38}],"label":null,"suggested_replacement":null,"suggestion_applicability":null,"expansion":null}],"children":[],"rendered":null},{"message":"the following other types implement trait `BorshSerialize`:\n  &T\n  ()\n  (T0, T1)\n  (T0, T1, T2)\n  (T0, T1, T2, T3)\n  (T0, T1, T2, T3, T4)\n  (T0, T1, T2, T3, T4, T5)\n  (T0, T1, T2, T3, T4, T5, T6)\nand 70 others","code":null,"level":"help","spans":[],"children":[],"rendered":null},{"message":"required by a bound in `to_vec`","code":null,"level":"note","spans":[{"file_name":"/Users/ifiokjr/.cargo/registry/src/index.crates.io-1949cf8c6b5b557f/borsh-1.6.0/src/ser/helpers.rs","byte_start":342,"byte_end":348,"line_start":13,"line_end":13,"column_start":8,"column_end":14,"is_primary":false,"text":[{"text":"pub fn to_vec<T>(value: &T) -> Result<Vec<u8>>","highlight_start":8,"highlight_end":14}],"label":"required by a bound in this function","suggested_replacement":null,"suggestion_applicability":null,"expansion":null},{"file_name":"/Users/ifiokjr/.cargo/registry/src/index.crates.io-1949cf8c6b5b557f/borsh-1.6.0/src/ser/helpers.rs","byte_start":395,"byte_end":409,"line_start":15,"line_end":15,"column_start":8,"column_end":22,"is_primary":true,"text":[{"text":"    T: BorshSerialize + ?Sized,","highlight_start":8,"highlight_end":22}],"label":"required by this bound in `to_vec`","suggested_replacement":null,"suggestion_applicability":null,"expansion":null}],"children":[],"rendered":null}],"rendered":"\u001b[1m\u001b[91merror[E0277]\u001b[0m\u001b[1m: the trait bound `InitializeInstructionData: BorshSerialize` is not satisfied\u001b[0m\n  \u001b[1m\u001b[94m--> \u001b[0mcounter_program/src/generated/instructions/initialize.rs:78:19\n   \u001b[1m\u001b[94m|\u001b[0m\n\u001b[1m\u001b[94m78\u001b[0m \u001b[1m\u001b[94m|\u001b[0m     borsh::to_vec(self)\n   \u001b[1m\u001b[94m|\u001b[0m     \u001b[1m\u001b[94m-------------\u001b[0m \u001b[1m\u001b[91m^^^^\u001b[0m \u001b[1m\u001b[91munsatisfied trait bound\u001b[0m\n   \u001b[1m\u001b[94m|\u001b[0m     \u001b[1m\u001b[94m|\u001b[0m\n   \u001b[1m\u001b[94m|\u001b[0m     \u001b[1m\u001b[94mrequired by a bound introduced by this call\u001b[0m\n   \u001b[1m\u001b[94m|\u001b[0m\n\u001b[1m\u001b[96mhelp\u001b[0m: the trait `BorshSerialize` is not implemented for `InitializeInstructionData`\n  \u001b[1m\u001b[94m--> \u001b[0mcounter_program/src/generated/instructions/initialize.rs:68:2\n   \u001b[1m\u001b[94m|\u001b[0m\n\u001b[1m\u001b[94m68\u001b[0m \u001b[1m\u001b[94m|\u001b[0m  pub struct InitializeInstructionData {\n   \u001b[1m\u001b[94m|\u001b[0m  \u001b[1m\u001b[96m^^^^^^^^^^^^^^^^^^^^^^^^^^^^^^^^^^^^\u001b[0m\n   \u001b[1m\u001b[94m= \u001b[0m\u001b[1mhelp\u001b[0m: the following other types implement trait `BorshSerialize`:\n             &T\n             ()\n             (T0, T1)\n             (T0, T1, T2)\n             (T0, T1, T2, T3)\n             (T0, T1, T2, T3, T4)\n             (T0, T1, T2, T3, T4, T5)\n             (T0, T1, T2, T3, T4, T5, T6)\n           and 70 others\n\u001b[1m\u001b[92mnote\u001b[0m: required by a bound in `to_vec`\n  \u001b[1m\u001b[94m--> \u001b[0m/Users/ifiokjr/.cargo/registry/src/index.crates.io-1949cf8c6b5b557f/borsh-1.6.0/src/ser/helpers.rs:15:8\n   \u001b[1m\u001b[94m|\u001b[0m\n\u001b[1m\u001b[94m13\u001b[0m \u001b[1m\u001b[94m|\u001b[0m pub fn to_vec<T>(value: &T) -> Result<Vec<u8>>\n   \u001b[1m\u001b[94m|\u001b[0m        \u001b[1m\u001b[94m------\u001b[0m \u001b[1m\u001b[94mrequired by a bound in this function\u001b[0m\n\u001b[1m\u001b[94m14\u001b[0m \u001b[1m\u001b[94m|\u001b[0m where\n\u001b[1m\u001b[94m15\u001b[0m \u001b[1m\u001b[94m|\u001b[0m     T: BorshSerialize + ?Sized,\n   \u001b[1m\u001b[94m|\u001b[0m        \u001b[1m\u001b[92m^^^^^^^^^^^^^^\u001b[0m \u001b[1m\u001b[92mrequired by this bound in `to_vec`\u001b[0m\n\n"}
{"$message_type":"diagnostic","message":"the trait bound `InitializeInstructionArgs: BorshSerialize` is not satisfied","code":{"code":"E0277","explanation":"You tried to use a type which doesn't implement some trait in a place which\nexpected that trait.\n\nErroneous code example:\n\n```compile_fail,E0277\n// here we declare the Foo trait with a bar method\ntrait Foo {\n    fn bar(&self);\n}\n\n// we now declare a function which takes an object implementing the Foo trait\nfn some_func<T: Foo>(foo: T) {\n    foo.bar();\n}\n\nfn main() {\n    // we now call the method with the i32 type, which doesn't implement\n    // the Foo trait\n    some_func(5i32); // error: the trait bound `i32 : Foo` is not satisfied\n}\n```\n\nIn order to fix this error, verify that the type you're using does implement\nthe trait. Example:\n\n```\ntrait Foo {\n    fn bar(&self);\n}\n\n// we implement the trait on the i32 type\nimpl Foo for i32 {\n    fn bar(&self) {}\n}\n\nfn some_func<T: Foo>(foo: T) {\n    foo.bar(); // we can now use this method since i32 implements the\n               // Foo trait\n}\n\nfn main() {\n    some_func(5i32); // ok!\n}\n```\n\nOr in a generic context, an erroneous code example would look like:\n\n```compile_fail,E0277\nfn some_func<T>(foo: T) {\n    println!(\"{:?}\", foo); // error: the trait `core::fmt::Debug` is not\n                           //        implemented for the type `T`\n}\n\nfn main() {\n    // We now call the method with the i32 type,\n    // which *does* implement the Debug trait.\n    some_func(5i32);\n}\n```\n\nNote that the error here is in the definition of the generic function. Although\nwe only call it with a parameter that does implement `Debug`, the compiler\nstill rejects the function. It must work with all possible input types. In\norder to make this example compile, we need to restrict the generic type we're\naccepting:\n\n```\nuse std::fmt;\n\n// Restrict the input type to types that implement Debug.\nfn some_func<T: fmt::Debug>(foo: T) {\n    println!(\"{:?}\", foo);\n}\n\nfn main() {\n    // Calling the method is still fine, as i32 implements Debug.\n    some_func(5i32);\n\n    // This would fail to compile now:\n    // struct WithoutDebug;\n    // some_func(WithoutDebug);\n}\n```\n\nRust only looks at the signature of the called function, as such it must\nalready specify all requirements that will be used for every type parameter.\n"},"level":"error","spans":[{"file_name":"counter_program/src/generated/instructions/initialize.rs","byte_start":2910,"byte_end":2914,"line_start":95,"line_end":95,"column_start":19,"column_end":23,"is_primary":true,"text":[{"text":"    borsh::to_vec(self)","highlight_start":19,"highlight_end":23}],"label":"unsatisfied trait bound","suggested_replacement":null,"suggestion_applicability":null,"expansion":null},{"file_name":"counter_program/src/generated/instructions/initialize.rs","byte_start":2896,"byte_end":2909,"line_start":95,"line_end":95,"column_start":5,"column_end":18,"is_primary":false,"text":[{"text":"    borsh::to_vec(self)","highlight_start":5,"highlight_end":18}],"label":"required by a bound introduced by this call","suggested_replacement":null,"suggestion_applicability":null,"expansion":null}],"children":[{"message":"the trait `BorshSerialize` is not implemented for `InitializeInstructionArgs`","code":null,"level":"help","spans":[{"file_name":"counter_program/src/generated/instructions/initialize.rs","byte_start":2714,"byte_end":2750,"line_start":89,"line_end":89,"column_start":2,"column_end":38,"is_primary":true,"text":[{"text":" pub struct InitializeInstructionArgs {","highlight_start":2,"highlight_end":38}],"label":null,"suggested_replacement":null,"suggestion_applicability":null,"expansion":null}],"children":[],"rendered":null},{"message":"the following other types implement trait `BorshSerialize`:\n  &T\n  ()\n  (T0, T1)\n  (T0, T1, T2)\n  (T0, T1, T2, T3)\n  (T0, T1, T2, T3, T4)\n  (T0, T1, T2, T3, T4, T5)\n  (T0, T1, T2, T3, T4, T5, T6)\nand 70 others","code":null,"level":"help","spans":[],"children":[],"rendered":null},{"message":"required by a bound in `to_vec`","code":null,"level":"note","spans":[{"file_name":"/Users/ifiokjr/.cargo/registry/src/index.crates.io-1949cf8c6b5b557f/borsh-1.6.0/src/ser/helpers.rs","byte_start":342,"byte_end":348,"line_start":13,"line_end":13,"column_start":8,"column_end":14,"is_primary":false,"text":[{"text":"pub fn to_vec<T>(value: &T) -> Result<Vec<u8>>","highlight_start":8,"highlight_end":14}],"label":"required by a bound in this function","suggested_replacement":null,"suggestion_applicability":null,"expansion":null},{"file_name":"/Users/ifiokjr/.cargo/registry/src/index.crates.io-1949cf8c6b5b557f/borsh-1.6.0/src/ser/helpers.rs","byte_start":395,"byte_end":409,"line_start":15,"line_end":15,"column_start":8,"column_end":22,"is_primary":true,"text":[{"text":"    T: BorshSerialize + ?Sized,","highlight_start":8,"highlight_end":22}],"label":"required by this bound in `to_vec`","suggested_replacement":null,"suggestion_applicability":null,"expansion":null}],"children":[],"rendered":null}],"rendered":"\u001b[1m\u001b[91merror[E0277]\u001b[0m\u001b[1m: the trait bound `InitializeInstructionArgs: BorshSerialize` is not satisfied\u001b[0m\n  \u001b[1m\u001b[94m--> \u001b[0mcounter_program/src/generated/instructions/initialize.rs:95:19\n   \u001b[1m\u001b[94m|\u001b[0m\n\u001b[1m\u001b[94m95\u001b[0m \u001b[1m\u001b[94m|\u001b[0m     borsh::to_vec(self)\n   \u001b[1m\u001b[94m|\u001b[0m     \u001b[1m\u001b[94m-------------\u001b[0m \u001b[1m\u001b[91m^^^^\u001b[0m \u001b[1m\u001b[91munsatisfied trait bound\u001b[0m\n   \u001b[1m\u001b[94m|\u001b[0m     \u001b[1m\u001b[94m|\u001b[0m\n   \u001b[1m\u001b[94m|\u001b[0m     \u001b[1m\u001b[94mrequired by a bound introduced by this call\u001b[0m\n   \u001b[1m\u001b[94m|\u001b[0m\n\u001b[1m\u001b[96mhelp\u001b[0m: the trait `BorshSerialize` is not implemented for `InitializeInstructionArgs`\n  \u001b[1m\u001b[94m--> \u001b[0mcounter_program/src/generated/instructions/initialize.rs:89:2\n   \u001b[1m\u001b[94m|\u001b[0m\n\u001b[1m\u001b[94m89\u001b[0m \u001b[1m\u001b[94m|\u001b[0m  pub struct InitializeInstructionArgs {\n   \u001b[1m\u001b[94m|\u001b[0m  \u001b[1m\u001b[96m^^^^^^^^^^^^^^^^^^^^^^^^^^^^^^^^^^^^\u001b[0m\n   \u001b[1m\u001b[94m= \u001b[0m\u001b[1mhelp\u001b[0m: the following other types implement trait `BorshSerialize`:\n             &T\n             ()\n             (T0, T1)\n             (T0, T1, T2)\n             (T0, T1, T2, T3)\n             (T0, T1, T2, T3, T4)\n             (T0, T1, T2, T3, T4, T5)\n             (T0, T1, T2, T3, T4, T5, T6)\n           and 70 others\n\u001b[1m\u001b[92mnote\u001b[0m: required by a bound in `to_vec`\n  \u001b[1m\u001b[94m--> \u001b[0m/Users/ifiokjr/.cargo/registry/src/index.crates.io-1949cf8c6b5b557f/borsh-1.6.0/src/ser/helpers.rs:15:8\n   \u001b[1m\u001b[94m|\u001b[0m\n\u001b[1m\u001b[94m13\u001b[0m \u001b[1m\u001b[94m|\u001b[0m pub fn to_vec<T>(value: &T) -> Result<Vec<u8>>\n   \u001b[1m\u001b[94m|\u001b[0m        \u001b[1m\u001b[94m------\u001b[0m \u001b[1m\u001b[94mrequired by a bound in this function\u001b[0m\n\u001b[1m\u001b[94m14\u001b[0m \u001b[1m\u001b[94m|\u001b[0m where\n\u001b[1m\u001b[94m15\u001b[0m \u001b[1m\u001b[94m|\u001b[0m     T: BorshSerialize + ?Sized,\n   \u001b[1m\u001b[94m|\u001b[0m        \u001b[1m\u001b[92m^^^^^^^^^^^^^^\u001b[0m \u001b[1m\u001b[92mrequired by this bound in `to_vec`\u001b[0m\n\n"}
{"$message_type":"diagnostic","message":"aborting due to 13 previous errors; 6 warnings emitted","code":null,"level":"error","spans":[],"children":[],"rendered":"\u001b[1m\u001b[91merror\u001b[0m\u001b[1m: aborting due to 13 previous errors; 6 warnings emitted\u001b[0m\n\n"}
{"$message_type":"diagnostic","message":"Some errors have detailed explanations: E0277, E0599.","code":null,"level":"failure-note","spans":[],"children":[],"rendered":"\u001b[1mSome errors have detailed explanations: E0277, E0599.\u001b[0m\n"}
{"$message_type":"diagnostic","message":"For more information about an error, try `rustc --explain E0277`.","code":null,"level":"failure-note","spans":[],"children":[],"rendered":"\u001b[1mFor more information about an error, try `rustc --explain E0277`.\u001b[0m\n"}
